[2021-03-26 18:04:41] app.INFO: Protect vendor folder in module contactform [] []
[2021-03-26 18:04:41] app.INFO: Module contactform has no vendor folder [] []
[2021-03-26 18:04:42] app.INFO: Protect vendor folder in module dashactivity [] []
[2021-03-26 18:04:42] app.INFO: Module dashactivity has no vendor folder [] []
[2021-03-26 18:04:42] app.INFO: Protect vendor folder in module dashgoals [] []
[2021-03-26 18:04:42] app.INFO: Module dashgoals has no vendor folder [] []
[2021-03-26 18:04:42] app.INFO: Protect vendor folder in module dashproducts [] []
[2021-03-26 18:04:42] app.INFO: Module dashproducts has no vendor folder [] []
[2021-03-26 18:04:42] app.INFO: Protect vendor folder in module dashtrends [] []
[2021-03-26 18:04:42] app.INFO: Module dashtrends has no vendor folder [] []
[2021-03-26 18:04:42] app.INFO: Protect vendor folder in module graphnvd3 [] []
[2021-03-26 18:04:42] app.INFO: Module graphnvd3 has no vendor folder [] []
[2021-03-26 18:04:42] app.INFO: Protect vendor folder in module gridhtml [] []
[2021-03-26 18:04:43] app.INFO: Module gridhtml has no vendor folder [] []
[2021-03-26 18:04:43] app.INFO: Protect vendor folder in module gsitemap [] []
[2021-03-26 18:04:43] app.INFO: Module gsitemap has no vendor folder [] []
[2021-03-26 18:04:43] app.INFO: Protect vendor folder in module pagesnotfound [] []
[2021-03-26 18:04:43] app.INFO: Module pagesnotfound has no vendor folder [] []
[2021-03-26 18:04:44] app.INFO: Protect vendor folder in module productcomments [] []
[2021-03-26 18:04:44] app.INFO: Module productcomments has no vendor folder [] []
[2021-03-26 18:04:44] app.INFO: Protect vendor folder in module ps_banner [] []
[2021-03-26 18:04:44] app.INFO: Module ps_banner has no vendor folder [] []
[2021-03-26 18:04:44] app.INFO: Protect vendor folder in module ps_categorytree [] []
[2021-03-26 18:04:44] app.INFO: Module ps_categorytree has no vendor folder [] []
[2021-03-26 18:04:45] app.INFO: Protect vendor folder in module ps_checkpayment [] []
[2021-03-26 18:04:45] app.INFO: Module ps_checkpayment has no vendor folder [] []
[2021-03-26 18:04:45] app.INFO: Protect vendor folder in module ps_contactinfo [] []
[2021-03-26 18:04:45] app.INFO: Module ps_contactinfo has no vendor folder [] []
[2021-03-26 18:04:45] app.INFO: Protect vendor folder in module ps_crossselling [] []
[2021-03-26 18:04:45] app.INFO: Module ps_crossselling has no vendor folder [] []
[2021-03-26 18:04:45] app.INFO: Protect vendor folder in module ps_currencyselector [] []
[2021-03-26 18:04:45] app.INFO: Module ps_currencyselector has no vendor folder [] []
[2021-03-26 18:04:45] app.INFO: Protect vendor folder in module ps_customeraccountlinks [] []
[2021-03-26 18:04:45] app.INFO: Module ps_customeraccountlinks has no vendor folder [] []
[2021-03-26 18:04:45] app.INFO: Protect vendor folder in module ps_customersignin [] []
[2021-03-26 18:04:45] app.INFO: Module ps_customersignin has no vendor folder [] []
[2021-03-26 18:04:45] app.INFO: Protect vendor folder in module ps_customtext [] []
[2021-03-26 18:04:45] app.INFO: Module ps_customtext has no vendor folder [] []
[2021-03-26 18:04:46] app.INFO: Protect vendor folder in module ps_dataprivacy [] []
[2021-03-26 18:04:46] app.INFO: Module ps_dataprivacy has no vendor folder [] []
[2021-03-26 18:04:46] app.INFO: Protect vendor folder in module ps_emailsubscription [] []
[2021-03-26 18:04:46] app.INFO: Module ps_emailsubscription has no vendor folder [] []
[2021-03-26 18:04:48] app.INFO: Protect vendor folder in module ps_facetedsearch [] []
[2021-03-26 18:04:48] app.INFO: Module ps_facetedsearch has no vendor folder [] []
[2021-03-26 18:04:48] app.INFO: Protect vendor folder in module ps_faviconnotificationbo [] []
[2021-03-26 18:04:48] app.INFO: Module ps_faviconnotificationbo has no vendor folder [] []
[2021-03-26 18:04:48] app.INFO: Protect vendor folder in module ps_featuredproducts [] []
[2021-03-26 18:04:48] app.INFO: Module ps_featuredproducts has no vendor folder [] []
[2021-03-26 18:04:48] app.INFO: Protect vendor folder in module ps_imageslider [] []
[2021-03-26 18:04:48] app.INFO: Module ps_imageslider has no vendor folder [] []
[2021-03-26 18:04:49] app.INFO: Protect vendor folder in module ps_languageselector [] []
[2021-03-26 18:04:49] app.INFO: Module ps_languageselector has no vendor folder [] []
[2021-03-26 18:04:49] app.INFO: Protect vendor folder in module ps_linklist [] []
[2021-03-26 18:04:49] app.INFO: Module ps_linklist has no vendor folder [] []
[2021-03-26 18:04:49] app.ERROR: Cannot register tab "AdminLinkWidget" because it already exists [] []
[2021-03-26 18:04:50] app.INFO: Protect vendor folder in module ps_mainmenu [] []
[2021-03-26 18:04:50] app.INFO: Module ps_mainmenu has no vendor folder [] []
[2021-03-26 18:04:50] app.INFO: Protect vendor folder in module ps_searchbar [] []
[2021-03-26 18:04:50] app.INFO: Module ps_searchbar has no vendor folder [] []
[2021-03-26 18:04:50] app.INFO: Protect vendor folder in module ps_sharebuttons [] []
[2021-03-26 18:04:50] app.INFO: Module ps_sharebuttons has no vendor folder [] []
[2021-03-26 18:04:50] app.INFO: Protect vendor folder in module ps_shoppingcart [] []
[2021-03-26 18:04:50] app.INFO: Module ps_shoppingcart has no vendor folder [] []
[2021-03-26 18:04:50] app.INFO: Protect vendor folder in module ps_socialfollow [] []
[2021-03-26 18:04:50] app.INFO: Module ps_socialfollow has no vendor folder [] []
[2021-03-26 18:04:51] app.INFO: Protect vendor folder in module ps_themecusto [] []
[2021-03-26 18:04:51] app.INFO: Module ps_themecusto has no vendor folder [] []
[2021-03-26 18:04:51] app.INFO: Protect vendor folder in module ps_wirepayment [] []
[2021-03-26 18:04:51] app.INFO: Module ps_wirepayment has no vendor folder [] []
[2021-03-26 18:04:51] app.INFO: Protect vendor folder in module sekeywords [] []
[2021-03-26 18:04:51] app.INFO: Module sekeywords has no vendor folder [] []
[2021-03-26 18:04:51] app.INFO: Protect vendor folder in module statsbestcategories [] []
[2021-03-26 18:04:51] app.INFO: Module statsbestcategories has no vendor folder [] []
[2021-03-26 18:04:51] app.INFO: Protect vendor folder in module statsbestcustomers [] []
[2021-03-26 18:04:51] app.INFO: Module statsbestcustomers has no vendor folder [] []
[2021-03-26 18:04:51] app.INFO: Protect vendor folder in module statsbestproducts [] []
[2021-03-26 18:04:51] app.INFO: Module statsbestproducts has no vendor folder [] []
[2021-03-26 18:04:51] app.INFO: Protect vendor folder in module statsbestsuppliers [] []
[2021-03-26 18:04:51] app.INFO: Module statsbestsuppliers has no vendor folder [] []
[2021-03-26 18:04:51] app.INFO: Protect vendor folder in module statsbestvouchers [] []
[2021-03-26 18:04:51] app.INFO: Module statsbestvouchers has no vendor folder [] []
[2021-03-26 18:04:51] app.INFO: Protect vendor folder in module statscarrier [] []
[2021-03-26 18:04:51] app.INFO: Module statscarrier has no vendor folder [] []
[2021-03-26 18:04:51] app.INFO: Protect vendor folder in module statscatalog [] []
[2021-03-26 18:04:51] app.INFO: Module statscatalog has no vendor folder [] []
[2021-03-26 18:04:52] app.INFO: Protect vendor folder in module statscheckup [] []
[2021-03-26 18:04:52] app.INFO: Module statscheckup has no vendor folder [] []
[2021-03-26 18:04:52] app.INFO: Protect vendor folder in module statsdata [] []
[2021-03-26 18:04:52] app.INFO: Module statsdata has no vendor folder [] []
[2021-03-26 18:04:52] app.INFO: Protect vendor folder in module statsequipment [] []
[2021-03-26 18:04:52] app.INFO: Module statsequipment has no vendor folder [] []
[2021-03-26 18:04:52] app.INFO: Protect vendor folder in module statsforecast [] []
[2021-03-26 18:04:52] app.INFO: Module statsforecast has no vendor folder [] []
[2021-03-26 18:04:52] app.INFO: Protect vendor folder in module statslive [] []
[2021-03-26 18:04:52] app.INFO: Module statslive has no vendor folder [] []
[2021-03-26 18:04:52] app.INFO: Protect vendor folder in module statsnewsletter [] []
[2021-03-26 18:04:52] app.INFO: Module statsnewsletter has no vendor folder [] []
[2021-03-26 18:04:52] app.INFO: Protect vendor folder in module statsorigin [] []
[2021-03-26 18:04:52] app.INFO: Module statsorigin has no vendor folder [] []
[2021-03-26 18:04:52] app.INFO: Protect vendor folder in module statspersonalinfos [] []
[2021-03-26 18:04:52] app.INFO: Module statspersonalinfos has no vendor folder [] []
[2021-03-26 18:04:52] app.INFO: Protect vendor folder in module statsproduct [] []
[2021-03-26 18:04:52] app.INFO: Module statsproduct has no vendor folder [] []
[2021-03-26 18:04:52] app.INFO: Protect vendor folder in module statsregistrations [] []
[2021-03-26 18:04:52] app.INFO: Module statsregistrations has no vendor folder [] []
[2021-03-26 18:04:53] app.INFO: Protect vendor folder in module statssales [] []
[2021-03-26 18:04:53] app.INFO: Module statssales has no vendor folder [] []
[2021-03-26 18:04:53] app.INFO: Protect vendor folder in module statssearch [] []
[2021-03-26 18:04:53] app.INFO: Module statssearch has no vendor folder [] []
[2021-03-26 18:04:53] app.INFO: Protect vendor folder in module statsstock [] []
[2021-03-26 18:04:53] app.INFO: Module statsstock has no vendor folder [] []
[2021-03-26 18:04:53] app.INFO: Protect vendor folder in module statsvisits [] []
[2021-03-26 18:04:53] app.INFO: Module statsvisits has no vendor folder [] []
[2021-03-26 18:04:53] app.INFO: Protect vendor folder in module welcome [] []
[2021-03-26 18:04:53] app.INFO: Module welcome has no vendor folder [] []
[2021-03-26 18:04:58] app.INFO: Exporting mail with theme modern for language Español (Spanish) [] []
[2021-03-26 18:04:58] app.INFO: Core output folder: C:\xampp\htdocs\webs\tienda/mails [] []
[2021-03-26 18:04:58] app.INFO: Modules output folder: C:\xampp\htdocs\webs\tienda/modules/ [] []
[2021-03-26 18:12:46] app.ERROR: Data from PrestaShop Addons is invalid, and cannot fallback on cache.  {"exception":"cURL error 28: Operation timed out after 5000 milliseconds with 1424949889728512 bytes received"} []
[2021-03-26 18:12:46] app.INFO: Protect vendor folder in module blockreassurance [] []
[2021-03-26 18:12:46] app.INFO: Module blockreassurance has no vendor folder [] []
[2021-03-26 18:28:31] request.INFO: Matched route "admin_themes_enable". {"route":"admin_themes_enable","route_parameters":{"_controller":"PrestaShopBundle\\Controller\\Admin\\Improve\\Design\\ThemeController::enableAction","_legacy_controller":"AdminThemes","_legacy_link":"AdminThemes:enableTheme","_legacy_parameters":{"theme_name":"themeName"},"themeName":"leo_florero","_route":"admin_themes_enable"},"request_uri":"http://localhost/webs/tienda/panel/index.php/improve/design/themes/leo_florero/enable?_token=WLedAC9P3v8zGYsc-tC_kzn-xLHOTldPyaJwK6SFdHM","method":"POST"} []
[2021-03-26 18:28:32] security.DEBUG: Read existing security token from the session. {"key":"_security_main","token_class":"Symfony\\Component\\Security\\Core\\Authentication\\Token\\UsernamePasswordToken"} []
[2021-03-26 18:28:32] security.DEBUG: User was reloaded from a user provider. {"provider":"PrestaShopBundle\\Security\\Admin\\EmployeeProvider","username":"adri.13a@gmail.com"} []
[2021-03-26 18:28:49] app.INFO: Protect vendor folder in module appagebuilder [] []
[2021-03-26 18:28:49] app.INFO: Module appagebuilder has no vendor folder [] []
[2021-03-26 18:28:51] app.INFO: Protect vendor folder in module leoblog [] []
[2021-03-26 18:28:51] app.INFO: Module leoblog has no vendor folder [] []
[2021-03-26 18:28:51] app.INFO: Protect vendor folder in module ps_featuredproducts [] []
[2021-03-26 18:28:51] app.INFO: Module ps_featuredproducts has no vendor folder [] []
[2021-03-26 18:28:53] app.INFO: Protect vendor folder in module leobootstrapmenu [] []
[2021-03-26 18:28:53] app.INFO: Module leobootstrapmenu has no vendor folder [] []
[2021-03-26 18:28:53] app.ERROR: Class "AdminLeoBootstrapMenuModuleController" not found in controllers/admin nor routing file [] []
[2021-03-26 18:28:53] app.ERROR: Class "AdminLeoWidgetsController" not found in controllers/admin nor routing file [] []
[2021-03-26 18:28:56] app.INFO: Protect vendor folder in module leoslideshow [] []
[2021-03-26 18:28:56] app.INFO: Module leoslideshow has no vendor folder [] []
[2021-03-26 18:28:58] app.INFO: Protect vendor folder in module leofeature [] []
[2021-03-26 18:28:58] app.INFO: Module leofeature has no vendor folder [] []
[2021-03-26 18:28:58] app.INFO: Protect vendor folder in module blockgrouptop [] []
[2021-03-26 18:28:58] app.INFO: Module blockgrouptop has no vendor folder [] []
[2021-03-26 18:28:59] app.INFO: Protect vendor folder in module leoquicklogin [] []
[2021-03-26 18:28:59] app.INFO: Module leoquicklogin has no vendor folder [] []
[2021-03-26 18:28:59] app.ERROR: Class "AdminLeoQuickLoginModuleController" not found in controllers/admin nor routing file [] []
[2021-03-26 18:29:01] security.DEBUG: Stored the security token in the session. {"key":"_security_main"} []
[2021-03-29 13:07:29] request.INFO: Matched route "admin_module_manage". {"route":"admin_module_manage","route_parameters":{"category":null,"keyword":null,"_controller":"PrestaShopBundle\\Controller\\Admin\\Improve\\ModuleController::manageAction","_legacy_controller":"AdminModulesManage","_legacy_link":["AdminModulesManage","AdminModulesSf"],"_route":"admin_module_manage"},"request_uri":"http://localhost/webs/tienda/panel/index.php/improve/modules/manage?_token=Y6kJFFvCc-AZdwx5sA7RGe_vIjhxEZqpztALV7wYDaE","method":"GET"} []
[2021-03-29 13:07:29] security.DEBUG: Read existing security token from the session. {"key":"_security_main","token_class":"Symfony\\Component\\Security\\Core\\Authentication\\Token\\UsernamePasswordToken"} []
[2021-03-29 13:07:29] security.DEBUG: User was reloaded from a user provider. {"provider":"PrestaShopBundle\\Security\\Admin\\EmployeeProvider","username":"adri.13a@gmail.com"} []
[2021-03-29 13:07:34] app.ERROR: Data from PrestaShop Addons is invalid, and cannot fallback on cache.  {"exception":"cURL error 28: Operation timed out after 5016 milliseconds with 2418251271241728 bytes received"} []
[2021-03-29 13:07:37] security.DEBUG: Stored the security token in the session. {"key":"_security_main"} []
[2021-03-30 01:51:53] request.INFO: Matched route "admin_security_compromised". {"route":"admin_security_compromised","route_parameters":{"_controller":"PrestaShopBundle\\Controller\\Admin\\SecurityController::compromisedAccessAction","_route":"admin_security_compromised"},"request_uri":"http://localhost/webs/tienda/panel/index.php/security/compromised?_token=Oj2l7KfmFczsoW3bCE8bpQu5nCk45b1rRq-sGucNG4I&uri=http%253A%252F%252Flocalhost%252Fwebs%252Ftienda%252Fpanel%252Findex.php%252Fcommon%252Fnotifications%253F","method":"GET"} []
[2021-03-30 01:51:53] security.INFO: Populated the TokenStorage with an anonymous Token. [] []
[2021-03-30 01:51:56] request.CRITICAL: Uncaught PHP Exception RuntimeException: "Failed to write cache file "C:\xampp\htdocs\webs\tienda\var\cache\prod/twig/fc/fc16971217fb855a10d070330f677dc7ac82deda550272831dad085ea84187dd.php"." at C:\xampp\htdocs\webs\tienda\vendor\twig\twig\src\Cache\FilesystemCache.php line 80 {"exception":"[object] (RuntimeException(code: 0): Failed to write cache file \"C:\\xampp\\htdocs\\webs\\tienda\\var\\cache\\prod/twig/fc/fc16971217fb855a10d070330f677dc7ac82deda550272831dad085ea84187dd.php\". at C:\\xampp\\htdocs\\webs\\tienda\\vendor\\twig\\twig\\src\\Cache\\FilesystemCache.php:80)"} []
[2021-03-30 01:51:56] security.DEBUG: Stored the security token in the session. {"key":"_security_main"} []
[2021-03-31 12:47:44] request.CRITICAL: Uncaught PHP Exception SmartyException: "unable to write file C:\xampp\htdocs\webs\tienda\var\cache\prod\smarty\compile\nature\59\bf\32\59bf3275b803ade602c4c5ab1a03ca5f51ca3bde_0.file.welcome.tpl.php" at C:\xampp\htdocs\webs\tienda\vendor\smarty\smarty\libs\sysplugins\smarty_internal_runtime_writefile.php line 90 {"exception":"[object] (SmartyException(code: 0): unable to write file C:\\xampp\\htdocs\\webs\\tienda\\var\\cache\\prod\\smarty\\compile\\nature\\59\\bf\\32\\59bf3275b803ade602c4c5ab1a03ca5f51ca3bde_0.file.welcome.tpl.php at C:\\xampp\\htdocs\\webs\\tienda\\vendor\\smarty\\smarty\\libs\\sysplugins\\smarty_internal_runtime_writefile.php:90)"} []
[2021-03-31 14:18:01] request.CRITICAL: Uncaught PHP Exception SmartyException: "unable to write file C:\xampp\htdocs\webs\tienda\var\cache\prod\smarty\compile\nature\59\bf\32\59bf3275b803ade602c4c5ab1a03ca5f51ca3bde_0.file.welcome.tpl.php" at C:\xampp\htdocs\webs\tienda\vendor\smarty\smarty\libs\sysplugins\smarty_internal_runtime_writefile.php line 90 {"exception":"[object] (SmartyException(code: 0): unable to write file C:\\xampp\\htdocs\\webs\\tienda\\var\\cache\\prod\\smarty\\compile\\nature\\59\\bf\\32\\59bf3275b803ade602c4c5ab1a03ca5f51ca3bde_0.file.welcome.tpl.php at C:\\xampp\\htdocs\\webs\\tienda\\vendor\\smarty\\smarty\\libs\\sysplugins\\smarty_internal_runtime_writefile.php:90)"} []
[2021-03-31 14:24:50] request.INFO: Matched route "admin_module_manage". {"route":"admin_module_manage","route_parameters":{"category":null,"keyword":null,"_controller":"PrestaShopBundle\\Controller\\Admin\\Improve\\ModuleController::manageAction","_legacy_controller":"AdminModulesManage","_legacy_link":["AdminModulesManage","AdminModulesSf"],"_route":"admin_module_manage"},"request_uri":"http://localhost/webs/tienda/panel/index.php/improve/modules/manage?_token=MNK_6j76RAcAa3_3q8-fBxVPhy0L2TA44xp9WpYp8i0","method":"GET"} []
[2021-03-31 14:24:50] security.DEBUG: Read existing security token from the session. {"key":"_security_main","token_class":"Symfony\\Component\\Security\\Core\\Authentication\\Token\\UsernamePasswordToken"} []
[2021-03-31 14:24:50] security.DEBUG: User was reloaded from a user provider. {"provider":"PrestaShopBundle\\Security\\Admin\\EmployeeProvider","username":"adri.13a@gmail.com"} []
[2021-03-31 14:24:56] app.ERROR: Data from PrestaShop Addons is invalid, and cannot fallback on cache.  {"exception":"cURL error 28: Operation timed out after 5000 milliseconds with 369457381769216 bytes received"} []
[2021-03-31 14:25:07] security.DEBUG: Stored the security token in the session. {"key":"_security_main"} []
[2021-03-31 14:25:12] request.INFO: Matched route "admin_module_notification_count". {"route":"admin_module_notification_count","route_parameters":{"_controller":"PrestaShopBundle\\Controller\\Admin\\Improve\\Modules\\AlertsController::notificationsCountAction","_legacy_controller":"AdminModulesNotifications","_legacy_link":"AdminModulesNotifications:count","_route":"admin_module_notification_count"},"request_uri":"http://localhost/webs/tienda/panel/index.php/improve/modules/alerts/count?_token=MNK_6j76RAcAa3_3q8-fBxVPhy0L2TA44xp9WpYp8i0","method":"GET"} []
[2021-03-31 14:25:14] security.DEBUG: Read existing security token from the session. {"key":"_security_main","token_class":"Symfony\\Component\\Security\\Core\\Authentication\\Token\\UsernamePasswordToken"} []
[2021-03-31 14:25:14] security.DEBUG: User was reloaded from a user provider. {"provider":"PrestaShopBundle\\Security\\Admin\\EmployeeProvider","username":"adri.13a@gmail.com"} []
[2021-03-31 14:25:19] app.ERROR: Data from PrestaShop Addons is invalid, and cannot fallback on cache.  {"exception":"cURL error 28: Operation timed out after 5000 milliseconds with 238856016232448 bytes received"} []
[2021-03-31 14:25:20] security.DEBUG: Stored the security token in the session. {"key":"_security_main"} []
[2021-03-31 14:25:50] request.INFO: Matched route "admin_module_manage". {"route":"admin_module_manage","route_parameters":{"category":null,"keyword":null,"_controller":"PrestaShopBundle\\Controller\\Admin\\Improve\\ModuleController::manageAction","_legacy_controller":"AdminModulesManage","_legacy_link":["AdminModulesManage","AdminModulesSf"],"_route":"admin_module_manage"},"request_uri":"http://localhost/webs/tienda/panel/index.php/improve/modules/manage?_token=MNK_6j76RAcAa3_3q8-fBxVPhy0L2TA44xp9WpYp8i0","method":"GET"} []
[2021-03-31 14:25:51] security.DEBUG: Read existing security token from the session. {"key":"_security_main","token_class":"Symfony\\Component\\Security\\Core\\Authentication\\Token\\UsernamePasswordToken"} []
[2021-03-31 14:25:51] security.DEBUG: User was reloaded from a user provider. {"provider":"PrestaShopBundle\\Security\\Admin\\EmployeeProvider","username":"adri.13a@gmail.com"} []
[2021-03-31 14:25:56] app.ERROR: Data from PrestaShop Addons is invalid, and cannot fallback on cache.  {"exception":"cURL error 28: Operation timed out after 5000 milliseconds with 182884002430976 bytes received"} []
[2021-03-31 14:25:57] security.DEBUG: Stored the security token in the session. {"key":"_security_main"} []
[2021-03-31 14:26:00] request.INFO: Matched route "admin_module_notification_count". {"route":"admin_module_notification_count","route_parameters":{"_controller":"PrestaShopBundle\\Controller\\Admin\\Improve\\Modules\\AlertsController::notificationsCountAction","_legacy_controller":"AdminModulesNotifications","_legacy_link":"AdminModulesNotifications:count","_route":"admin_module_notification_count"},"request_uri":"http://localhost/webs/tienda/panel/index.php/improve/modules/alerts/count?_token=MNK_6j76RAcAa3_3q8-fBxVPhy0L2TA44xp9WpYp8i0","method":"GET"} []
[2021-03-31 14:26:01] security.DEBUG: Read existing security token from the session. {"key":"_security_main","token_class":"Symfony\\Component\\Security\\Core\\Authentication\\Token\\UsernamePasswordToken"} []
[2021-03-31 14:26:01] security.DEBUG: User was reloaded from a user provider. {"provider":"PrestaShopBundle\\Security\\Admin\\EmployeeProvider","username":"adri.13a@gmail.com"} []
[2021-03-31 14:26:06] app.ERROR: Data from PrestaShop Addons is invalid, and cannot fallback on cache.  {"exception":"cURL error 28: Operation timed out after 5000 milliseconds with 410345470427136 bytes received"} []
[2021-03-31 14:26:07] security.DEBUG: Stored the security token in the session. {"key":"_security_main"} []
[2021-03-31 14:27:17] request.INFO: Matched route "admin_module_configure_action". {"route":"admin_module_configure_action","route_parameters":{"_controller":"PrestaShopBundle\\Controller\\Admin\\Improve\\ModuleController::configureModuleAction","_legacy_controller":"AdminModules","module_name":"ps_banner","_route":"admin_module_configure_action"},"request_uri":"http://localhost/webs/tienda/panel/index.php/improve/modules/manage/action/configure/ps_banner?_token=MNK_6j76RAcAa3_3q8-fBxVPhy0L2TA44xp9WpYp8i0","method":"GET"} []
[2021-03-31 14:27:17] security.DEBUG: Read existing security token from the session. {"key":"_security_main","token_class":"Symfony\\Component\\Security\\Core\\Authentication\\Token\\UsernamePasswordToken"} []
[2021-03-31 14:27:17] security.DEBUG: User was reloaded from a user provider. {"provider":"PrestaShopBundle\\Security\\Admin\\EmployeeProvider","username":"adri.13a@gmail.com"} []
[2021-03-31 14:27:23] app.ERROR: Data from PrestaShop Addons is invalid, and cannot fallback on cache.  {"exception":"cURL error 28: Operation timed out after 5000 milliseconds with 182884002430976 bytes received"} []
[2021-03-31 14:27:23] security.DEBUG: Stored the security token in the session. {"key":"_security_main"} []
[2021-03-31 14:27:49] request.INFO: Matched route "admin_module_manage". {"route":"admin_module_manage","route_parameters":{"category":null,"keyword":null,"_controller":"PrestaShopBundle\\Controller\\Admin\\Improve\\ModuleController::manageAction","_legacy_controller":"AdminModulesManage","_legacy_link":["AdminModulesManage","AdminModulesSf"],"_route":"admin_module_manage"},"request_uri":"http://localhost/webs/tienda/panel/index.php/improve/modules/manage?_token=MNK_6j76RAcAa3_3q8-fBxVPhy0L2TA44xp9WpYp8i0","method":"GET"} []
[2021-03-31 14:27:49] security.DEBUG: Read existing security token from the session. {"key":"_security_main","token_class":"Symfony\\Component\\Security\\Core\\Authentication\\Token\\UsernamePasswordToken"} []
[2021-03-31 14:27:49] security.DEBUG: User was reloaded from a user provider. {"provider":"PrestaShopBundle\\Security\\Admin\\EmployeeProvider","username":"adri.13a@gmail.com"} []
[2021-03-31 14:27:55] app.ERROR: Data from PrestaShop Addons is invalid, and cannot fallback on cache.  {"exception":"cURL error 28: Operation timed out after 5000 milliseconds with 572347341864960 bytes received"} []
[2021-03-31 14:27:56] security.DEBUG: Stored the security token in the session. {"key":"_security_main"} []
[2021-03-31 14:27:59] request.INFO: Matched route "admin_module_notification_count". {"route":"admin_module_notification_count","route_parameters":{"_controller":"PrestaShopBundle\\Controller\\Admin\\Improve\\Modules\\AlertsController::notificationsCountAction","_legacy_controller":"AdminModulesNotifications","_legacy_link":"AdminModulesNotifications:count","_route":"admin_module_notification_count"},"request_uri":"http://localhost/webs/tienda/panel/index.php/improve/modules/alerts/count?_token=MNK_6j76RAcAa3_3q8-fBxVPhy0L2TA44xp9WpYp8i0","method":"GET"} []
[2021-03-31 14:28:00] security.DEBUG: Read existing security token from the session. {"key":"_security_main","token_class":"Symfony\\Component\\Security\\Core\\Authentication\\Token\\UsernamePasswordToken"} []
[2021-03-31 14:28:00] security.DEBUG: User was reloaded from a user provider. {"provider":"PrestaShopBundle\\Security\\Admin\\EmployeeProvider","username":"adri.13a@gmail.com"} []
[2021-03-31 14:28:06] app.ERROR: Data from PrestaShop Addons is invalid, and cannot fallback on cache.  {"exception":"cURL error 28: Operation timed out after 5000 milliseconds with 594921689972736 bytes received"} []
[2021-03-31 14:28:06] security.DEBUG: Stored the security token in the session. {"key":"_security_main"} []
[2021-03-31 14:28:32] request.INFO: Matched route "admin_module_manage_action". {"route":"admin_module_manage_action","route_parameters":{"_controller":"PrestaShopBundle\\Controller\\Admin\\Improve\\ModuleController::moduleAction","action":"disable","module_name":"ps_banner","_route":"admin_module_manage_action"},"request_uri":"http://localhost/webs/tienda/panel/index.php/improve/modules/manage/action/disable/ps_banner?_token=MNK_6j76RAcAa3_3q8-fBxVPhy0L2TA44xp9WpYp8i0","method":"POST"} []
[2021-03-31 14:28:32] security.DEBUG: Read existing security token from the session. {"key":"_security_main","token_class":"Symfony\\Component\\Security\\Core\\Authentication\\Token\\UsernamePasswordToken"} []
[2021-03-31 14:28:32] security.DEBUG: User was reloaded from a user provider. {"provider":"PrestaShopBundle\\Security\\Admin\\EmployeeProvider","username":"adri.13a@gmail.com"} []
[2021-03-31 14:28:38] app.ERROR: Data from PrestaShop Addons is invalid, and cannot fallback on cache.  {"exception":"cURL error 28: Operation timed out after 5000 milliseconds with 630037342584832 bytes received"} []
[2021-03-31 14:28:38] security.DEBUG: Stored the security token in the session. {"key":"_security_main"} []
[2021-03-31 14:32:15] request.INFO: Matched route "admin_module_configure_action". {"route":"admin_module_configure_action","route_parameters":{"_controller":"PrestaShopBundle\\Controller\\Admin\\Improve\\ModuleController::configureModuleAction","_legacy_controller":"AdminModules","module_name":"ps_customtext","_route":"admin_module_configure_action"},"request_uri":"http://localhost/webs/tienda/panel/index.php/improve/modules/manage/action/configure/ps_customtext?_token=MNK_6j76RAcAa3_3q8-fBxVPhy0L2TA44xp9WpYp8i0","method":"GET"} []
[2021-03-31 14:32:15] security.DEBUG: Read existing security token from the session. {"key":"_security_main","token_class":"Symfony\\Component\\Security\\Core\\Authentication\\Token\\UsernamePasswordToken"} []
[2021-03-31 14:32:15] security.DEBUG: User was reloaded from a user provider. {"provider":"PrestaShopBundle\\Security\\Admin\\EmployeeProvider","username":"adri.13a@gmail.com"} []
[2021-03-31 14:32:20] app.ERROR: Data from PrestaShop Addons is invalid, and cannot fallback on cache.  {"exception":"cURL error 28: Operation timed out after 5000 milliseconds with 369457381769216 bytes received"} []
[2021-03-31 14:32:21] security.DEBUG: Stored the security token in the session. {"key":"_security_main"} []
[2021-03-31 14:35:19] request.INFO: Matched route "admin_module_manage". {"route":"admin_module_manage","route_parameters":{"category":null,"keyword":null,"_controller":"PrestaShopBundle\\Controller\\Admin\\Improve\\ModuleController::manageAction","_legacy_controller":"AdminModulesManage","_legacy_link":["AdminModulesManage","AdminModulesSf"],"_route":"admin_module_manage"},"request_uri":"http://localhost/webs/tienda/panel/index.php/improve/modules/manage?_token=MNK_6j76RAcAa3_3q8-fBxVPhy0L2TA44xp9WpYp8i0","method":"GET"} []
[2021-03-31 14:35:19] security.DEBUG: Read existing security token from the session. {"key":"_security_main","token_class":"Symfony\\Component\\Security\\Core\\Authentication\\Token\\UsernamePasswordToken"} []
[2021-03-31 14:35:19] security.DEBUG: User was reloaded from a user provider. {"provider":"PrestaShopBundle\\Security\\Admin\\EmployeeProvider","username":"adri.13a@gmail.com"} []
[2021-03-31 14:35:25] app.ERROR: Data from PrestaShop Addons is invalid, and cannot fallback on cache.  {"exception":"cURL error 28: Operation timed out after 5000 milliseconds with 450305846149120 bytes received"} []
[2021-03-31 14:35:28] security.DEBUG: Stored the security token in the session. {"key":"_security_main"} []
[2021-03-31 14:35:32] request.INFO: Matched route "admin_module_notification_count". {"route":"admin_module_notification_count","route_parameters":{"_controller":"PrestaShopBundle\\Controller\\Admin\\Improve\\Modules\\AlertsController::notificationsCountAction","_legacy_controller":"AdminModulesNotifications","_legacy_link":"AdminModulesNotifications:count","_route":"admin_module_notification_count"},"request_uri":"http://localhost/webs/tienda/panel/index.php/improve/modules/alerts/count?_token=MNK_6j76RAcAa3_3q8-fBxVPhy0L2TA44xp9WpYp8i0","method":"GET"} []
[2021-03-31 14:35:37] security.DEBUG: Read existing security token from the session. {"key":"_security_main","token_class":"Symfony\\Component\\Security\\Core\\Authentication\\Token\\UsernamePasswordToken"} []
[2021-03-31 14:35:37] security.DEBUG: User was reloaded from a user provider. {"provider":"PrestaShopBundle\\Security\\Admin\\EmployeeProvider","username":"adri.13a@gmail.com"} []
[2021-03-31 14:35:43] app.ERROR: Data from PrestaShop Addons is invalid, and cannot fallback on cache.  {"exception":"cURL error 28: Operation timed out after 5000 milliseconds with 369457381769216 bytes received"} []
[2021-03-31 14:35:44] security.DEBUG: Stored the security token in the session. {"key":"_security_main"} []
